TimeQuest Timing Analyzer report for FrequencyDivision
Thu Dec 18 20:30:32 2014
Quartus II 64-Bit Version 14.0.0 Build 200 06/17/2014 SJ Web Edition


---------------------
; Table of Contents ;
---------------------
  1. Legal Notice
  2. TimeQuest Timing Analyzer Summary
  3. Parallel Compilation
  4. Clocks
  5. Slow 1200mV 85C Model Fmax Summary
  6. Timing Closure Recommendations
  7. Slow 1200mV 85C Model Setup Summary
  8. Slow 1200mV 85C Model Hold Summary
  9. Slow 1200mV 85C Model Recovery Summary
 10. Slow 1200mV 85C Model Removal Summary
 11. Slow 1200mV 85C Model Minimum Pulse Width Summary
 12. Slow 1200mV 85C Model Setup: 'clk'
 13. Slow 1200mV 85C Model Setup: 'QI[0]'
 14. Slow 1200mV 85C Model Hold: 'clk'
 15. Slow 1200mV 85C Model Hold: 'QI[0]'
 16. Slow 1200mV 85C Model Minimum Pulse Width: 'clk'
 17. Slow 1200mV 85C Model Minimum Pulse Width: 'QI[0]'
 18. Clock to Output Times
 19. Minimum Clock to Output Times
 20. Slow 1200mV 85C Model Metastability Report
 21. Slow 1200mV 0C Model Fmax Summary
 22. Slow 1200mV 0C Model Setup Summary
 23. Slow 1200mV 0C Model Hold Summary
 24. Slow 1200mV 0C Model Recovery Summary
 25. Slow 1200mV 0C Model Removal Summary
 26. Slow 1200mV 0C Model Minimum Pulse Width Summary
 27. Slow 1200mV 0C Model Setup: 'clk'
 28. Slow 1200mV 0C Model Setup: 'QI[0]'
 29. Slow 1200mV 0C Model Hold: 'clk'
 30. Slow 1200mV 0C Model Hold: 'QI[0]'
 31. Slow 1200mV 0C Model Minimum Pulse Width: 'clk'
 32. Slow 1200mV 0C Model Minimum Pulse Width: 'QI[0]'
 33. Clock to Output Times
 34. Minimum Clock to Output Times
 35. Slow 1200mV 0C Model Metastability Report
 36. Fast 1200mV 0C Model Setup Summary
 37. Fast 1200mV 0C Model Hold Summary
 38. Fast 1200mV 0C Model Recovery Summary
 39. Fast 1200mV 0C Model Removal Summary
 40. Fast 1200mV 0C Model Minimum Pulse Width Summary
 41. Fast 1200mV 0C Model Setup: 'clk'
 42. Fast 1200mV 0C Model Setup: 'QI[0]'
 43. Fast 1200mV 0C Model Hold: 'clk'
 44. Fast 1200mV 0C Model Hold: 'QI[0]'
 45. Fast 1200mV 0C Model Minimum Pulse Width: 'clk'
 46. Fast 1200mV 0C Model Minimum Pulse Width: 'QI[0]'
 47. Clock to Output Times
 48. Minimum Clock to Output Times
 49. Fast 1200mV 0C Model Metastability Report
 50. Multicorner Timing Analysis Summary
 51. Clock to Output Times
 52. Minimum Clock to Output Times
 53. Board Trace Model Assignments
 54. Input Transition Times
 55. Signal Integrity Metrics (Slow 1200mv 0c Model)
 56. Signal Integrity Metrics (Slow 1200mv 85c Model)
 57. Signal Integrity Metrics (Fast 1200mv 0c Model)
 58. Setup Transfers
 59. Hold Transfers
 60. Report TCCS
 61. Report RSKM
 62. Unconstrained Paths
 63. TimeQuest Timing Analyzer Messages



----------------
; Legal Notice ;
----------------
Copyright (C) 1991-2014 Altera Corporation. All rights reserved.
Your use of Altera Corporation's design tools, logic functions 
and other software and tools, and its AMPP partner logic 
functions, and any output files from any of the foregoing 
(including device programming or simulation files), and any 
associated documentation or information are expressly subject 
to the terms and conditions of the Altera Program License 
Subscription Agreement, the Altera Quartus II License Agreement,
the Altera MegaCore Function License Agreement, or other 
applicable license agreement, including, without limitation, 
that your use is for the sole purpose of programming logic 
devices manufactured by Altera and sold by Altera or its 
authorized distributors.  Please refer to the applicable 
agreement for further details.



+-------------------------------------------------------------------------+
; TimeQuest Timing Analyzer Summary                                       ;
+--------------------+----------------------------------------------------+
; Quartus II Version ; Version 14.0.0 Build 200 06/17/2014 SJ Web Edition ;
; Revision Name      ; FrequencyDivision                                  ;
; Device Family      ; Cyclone IV GX                                      ;
; Device Name        ; EP4CGX15BF14C6                                     ;
; Timing Models      ; Final                                              ;
; Delay Model        ; Combined                                           ;
; Rise/Fall Delays   ; Enabled                                            ;
+--------------------+----------------------------------------------------+


Parallel compilation was disabled, but you have multiple processors available. Enable parallel compilation to reduce compilation time.
+-------------------------------------+
; Parallel Compilation                ;
+----------------------------+--------+
; Processors                 ; Number ;
+----------------------------+--------+
; Number detected on machine ; 4      ;
; Maximum allowed            ; 1      ;
+----------------------------+--------+


+-----------------------------------------------------------------------------------------------------------------------------------------------------------------------------------+
; Clocks                                                                                                                                                                            ;
+------------+------+--------+------------+-------+-------+------------+-----------+-------------+-------+--------+-----------+------------+----------+--------+--------+-----------+
; Clock Name ; Type ; Period ; Frequency  ; Rise  ; Fall  ; Duty Cycle ; Divide by ; Multiply by ; Phase ; Offset ; Edge List ; Edge Shift ; Inverted ; Master ; Source ; Targets   ;
+------------+------+--------+------------+-------+-------+------------+-----------+-------------+-------+--------+-----------+------------+----------+--------+--------+-----------+
; clk        ; Base ; 1.000  ; 1000.0 MHz ; 0.000 ; 0.500 ;            ;           ;             ;       ;        ;           ;            ;          ;        ;        ; { clk }   ;
; QI[0]      ; Base ; 1.000  ; 1000.0 MHz ; 0.000 ; 0.500 ;            ;           ;             ;       ;        ;           ;            ;          ;        ;        ; { QI[0] } ;
+------------+------+--------+------------+-------+-------+------------+-----------+-------------+-------+--------+-----------+------------+----------+--------+--------+-----------+


+------------------------------------------------------------------------------------------------------------+
; Slow 1200mV 85C Model Fmax Summary                                                                         ;
+-------------+-----------------+------------+---------------------------------------------------------------+
; Fmax        ; Restricted Fmax ; Clock Name ; Note                                                          ;
+-------------+-----------------+------------+---------------------------------------------------------------+
; 628.54 MHz  ; 250.0 MHz       ; clk        ; limit due to minimum period restriction (max I/O toggle rate) ;
; 1307.19 MHz ; 500.0 MHz       ; QI[0]      ; limit due to minimum period restriction (tmin)                ;
+-------------+-----------------+------------+---------------------------------------------------------------+
This panel reports FMAX for every clock in the design, regardless of the user-specified clock periods.  FMAX is only computed for paths where the source and destination registers or ports are driven by the same clock.  Paths of different clocks, including generated clocks, are ignored.  For paths between a clock and its inversion, FMAX is computed as if the rising and falling edges are scaled along with FMAX, such that the duty cycle (in terms of a percentage) is maintained. Altera recommends that you always use clock constraints and other slack reports for sign-off analysis.


----------------------------------
; Timing Closure Recommendations ;
----------------------------------
HTML report is unavailable in plain text report export.


+-------------------------------------+
; Slow 1200mV 85C Model Setup Summary ;
+-------+--------+--------------------+
; Clock ; Slack  ; End Point TNS      ;
+-------+--------+--------------------+
; clk   ; -0.591 ; -1.403             ;
; QI[0] ; 0.235  ; 0.000              ;
+-------+--------+--------------------+


+------------------------------------+
; Slow 1200mV 85C Model Hold Summary ;
+-------+-------+--------------------+
; Clock ; Slack ; End Point TNS      ;
+-------+-------+--------------------+
; clk   ; 0.203 ; 0.000              ;
; QI[0] ; 0.358 ; 0.000              ;
+-------+-------+--------------------+


------------------------------------------
; Slow 1200mV 85C Model Recovery Summary ;
------------------------------------------
No paths to report.


-----------------------------------------
; Slow 1200mV 85C Model Removal Summary ;
-----------------------------------------
No paths to report.


+---------------------------------------------------+
; Slow 1200mV 85C Model Minimum Pulse Width Summary ;
+-------+--------+----------------------------------+
; Clock ; Slack  ; End Point TNS                    ;
+-------+--------+----------------------------------+
; clk   ; -3.000 ; -6.000                           ;
; QI[0] ; -1.000 ; -2.000                           ;
+-------+--------+----------------------------------+


+----------------------------------------------------------------------------------------------------+
; Slow 1200mV 85C Model Setup: 'clk'                                                                 ;
+--------+-----------+---------+--------------+-------------+--------------+------------+------------+
; Slack  ; From Node ; To Node ; Launch Clock ; Latch Clock ; Relationship ; Clock Skew ; Data Delay ;
+--------+-----------+---------+--------------+-------------+--------------+------------+------------+
; -0.591 ; QI[1]     ; QI[0]   ; clk          ; clk         ; 1.000        ; -0.042     ; 1.564      ;
; -0.494 ; QI[1]     ; QI[1]   ; clk          ; clk         ; 1.000        ; -0.042     ; 1.467      ;
; -0.493 ; QI[0]     ; QI[1]   ; QI[0]        ; clk         ; 0.500        ; 2.108      ; 3.285      ;
; -0.414 ; QI[2]     ; QI[0]   ; clk          ; clk         ; 1.000        ; -0.042     ; 1.387      ;
; -0.411 ; QI[2]     ; QI[1]   ; clk          ; clk         ; 1.000        ; -0.042     ; 1.384      ;
; -0.318 ; QI[2]     ; QI[2]   ; clk          ; clk         ; 1.000        ; -0.042     ; 1.291      ;
; -0.293 ; QI[1]     ; QI[2]   ; clk          ; clk         ; 1.000        ; -0.042     ; 1.266      ;
; -0.267 ; QI[0]     ; QI[0]   ; QI[0]        ; clk         ; 0.500        ; 2.108      ; 3.059      ;
; -0.259 ; QI[0]     ; QI[2]   ; QI[0]        ; clk         ; 0.500        ; 2.108      ; 3.051      ;
; 0.078  ; QI[0]     ; QI[1]   ; QI[0]        ; clk         ; 1.000        ; 2.108      ; 3.214      ;
; 0.288  ; QI[0]     ; QI[0]   ; QI[0]        ; clk         ; 1.000        ; 2.108      ; 3.004      ;
; 0.327  ; QI[0]     ; QI[2]   ; QI[0]        ; clk         ; 1.000        ; 2.108      ; 2.965      ;
+--------+-----------+---------+--------------+-------------+--------------+------------+------------+


+---------------------------------------------------------------------------------------------------+
; Slow 1200mV 85C Model Setup: 'QI[0]'                                                              ;
+-------+-----------+---------+--------------+-------------+--------------+------------+------------+
; Slack ; From Node ; To Node ; Launch Clock ; Latch Clock ; Relationship ; Clock Skew ; Data Delay ;
+-------+-----------+---------+--------------+-------------+--------------+------------+------------+
; 0.235 ; QX[1]     ; QX[0]   ; QI[0]        ; QI[0]       ; 1.000        ; -0.065     ; 0.695      ;
; 0.237 ; QX[0]     ; QX[1]   ; QI[0]        ; QI[0]       ; 1.000        ; -0.065     ; 0.693      ;
; 0.271 ; QX[0]     ; QX[0]   ; QI[0]        ; QI[0]       ; 1.000        ; -0.065     ; 0.659      ;
; 0.271 ; QX[1]     ; QX[1]   ; QI[0]        ; QI[0]       ; 1.000        ; -0.065     ; 0.659      ;
+-------+-----------+---------+--------------+-------------+--------------+------------+------------+


+---------------------------------------------------------------------------------------------------+
; Slow 1200mV 85C Model Hold: 'clk'                                                                 ;
+-------+-----------+---------+--------------+-------------+--------------+------------+------------+
; Slack ; From Node ; To Node ; Launch Clock ; Latch Clock ; Relationship ; Clock Skew ; Data Delay ;
+-------+-----------+---------+--------------+-------------+--------------+------------+------------+
; 0.203 ; QI[0]     ; QI[0]   ; QI[0]        ; clk         ; 0.000        ; 2.198      ; 2.787      ;
; 0.243 ; QI[0]     ; QI[2]   ; QI[0]        ; clk         ; 0.000        ; 2.198      ; 2.827      ;
; 0.300 ; QI[0]     ; QI[1]   ; QI[0]        ; clk         ; 0.000        ; 2.198      ; 2.884      ;
; 0.785 ; QI[0]     ; QI[0]   ; QI[0]        ; clk         ; -0.500       ; 2.198      ; 2.869      ;
; 0.810 ; QI[0]     ; QI[2]   ; QI[0]        ; clk         ; -0.500       ; 2.198      ; 2.894      ;
; 0.893 ; QI[0]     ; QI[1]   ; QI[0]        ; clk         ; -0.500       ; 2.198      ; 2.977      ;
; 0.943 ; QI[2]     ; QI[2]   ; clk          ; clk         ; 0.000        ; 0.042      ; 1.142      ;
; 0.960 ; QI[1]     ; QI[2]   ; clk          ; clk         ; 0.000        ; 0.042      ; 1.159      ;
; 1.012 ; QI[1]     ; QI[1]   ; clk          ; clk         ; 0.000        ; 0.042      ; 1.211      ;
; 1.028 ; QI[2]     ; QI[0]   ; clk          ; clk         ; 0.000        ; 0.042      ; 1.227      ;
; 1.030 ; QI[2]     ; QI[1]   ; clk          ; clk         ; 0.000        ; 0.042      ; 1.229      ;
; 1.173 ; QI[1]     ; QI[0]   ; clk          ; clk         ; 0.000        ; 0.042      ; 1.372      ;
+-------+-----------+---------+--------------+-------------+--------------+------------+------------+


+---------------------------------------------------------------------------------------------------+
; Slow 1200mV 85C Model Hold: 'QI[0]'                                                               ;
+-------+-----------+---------+--------------+-------------+--------------+------------+------------+
; Slack ; From Node ; To Node ; Launch Clock ; Latch Clock ; Relationship ; Clock Skew ; Data Delay ;
+-------+-----------+---------+--------------+-------------+--------------+------------+------------+
; 0.358 ; QX[1]     ; QX[1]   ; QI[0]        ; QI[0]       ; 0.000        ; 0.065      ; 0.580      ;
; 0.358 ; QX[0]     ; QX[0]   ; QI[0]        ; QI[0]       ; 0.000        ; 0.065      ; 0.580      ;
; 0.372 ; QX[1]     ; QX[0]   ; QI[0]        ; QI[0]       ; 0.000        ; 0.065      ; 0.594      ;
; 0.376 ; QX[0]     ; QX[1]   ; QI[0]        ; QI[0]       ; 0.000        ; 0.065      ; 0.598      ;
+-------+-----------+---------+--------------+-------------+--------------+------------+------------+


+----------------------------------------------------------------------------------------------+
; Slow 1200mV 85C Model Minimum Pulse Width: 'clk'                                             ;
+--------+--------------+----------------+------------------+-------+------------+-------------+
; Slack  ; Actual Width ; Required Width ; Type             ; Clock ; Clock Edge ; Target      ;
+--------+--------------+----------------+------------------+-------+------------+-------------+
; -3.000 ; 1.000        ; 4.000          ; Port Rate        ; clk   ; Rise       ; clk         ;
; -1.000 ; 1.000        ; 2.000          ; Min Period       ; clk   ; Rise       ; QI[0]       ;
; -1.000 ; 1.000        ; 2.000          ; Min Period       ; clk   ; Rise       ; QI[1]       ;
; -1.000 ; 1.000        ; 2.000          ; Min Period       ; clk   ; Rise       ; QI[2]       ;
; 0.154  ; 0.338        ; 0.184          ; Low Pulse Width  ; clk   ; Rise       ; QI[0]       ;
; 0.154  ; 0.338        ; 0.184          ; Low Pulse Width  ; clk   ; Rise       ; QI[1]       ;
; 0.154  ; 0.338        ; 0.184          ; Low Pulse Width  ; clk   ; Rise       ; QI[2]       ;
; 0.316  ; 0.316        ; 0.000          ; Low Pulse Width  ; clk   ; Rise       ; QI[0]|clk   ;
; 0.316  ; 0.316        ; 0.000          ; Low Pulse Width  ; clk   ; Rise       ; QI[1]|clk   ;
; 0.316  ; 0.316        ; 0.000          ; Low Pulse Width  ; clk   ; Rise       ; QI[2]|clk   ;
; 0.326  ; 0.326        ; 0.000          ; Low Pulse Width  ; clk   ; Rise       ; clk~input|o ;
; 0.444  ; 0.660        ; 0.216          ; High Pulse Width ; clk   ; Rise       ; QI[0]       ;
; 0.444  ; 0.660        ; 0.216          ; High Pulse Width ; clk   ; Rise       ; QI[1]       ;
; 0.444  ; 0.660        ; 0.216          ; High Pulse Width ; clk   ; Rise       ; QI[2]       ;
; 0.500  ; 0.500        ; 0.000          ; High Pulse Width ; clk   ; Rise       ; clk~input|i ;
; 0.500  ; 0.500        ; 0.000          ; Low Pulse Width  ; clk   ; Rise       ; clk~input|i ;
; 0.674  ; 0.674        ; 0.000          ; High Pulse Width ; clk   ; Rise       ; clk~input|o ;
; 0.684  ; 0.684        ; 0.000          ; High Pulse Width ; clk   ; Rise       ; QI[0]|clk   ;
; 0.684  ; 0.684        ; 0.000          ; High Pulse Width ; clk   ; Rise       ; QI[1]|clk   ;
; 0.684  ; 0.684        ; 0.000          ; High Pulse Width ; clk   ; Rise       ; QI[2]|clk   ;
+--------+--------------+----------------+------------------+-------+------------+-------------+


+-----------------------------------------------------------------------------------------------------------+
; Slow 1200mV 85C Model Minimum Pulse Width: 'QI[0]'                                                        ;
+--------+--------------+----------------+------------------+-------+------------+--------------------------+
; Slack  ; Actual Width ; Required Width ; Type             ; Clock ; Clock Edge ; Target                   ;
+--------+--------------+----------------+------------------+-------+------------+--------------------------+
; -1.000 ; 1.000        ; 2.000          ; Min Period       ; QI[0] ; Fall       ; QX[0]                    ;
; -1.000 ; 1.000        ; 2.000          ; Min Period       ; QI[0] ; Fall       ; QX[1]                    ;
; 0.138  ; 0.354        ; 0.216          ; High Pulse Width ; QI[0] ; Fall       ; QX[0]                    ;
; 0.138  ; 0.354        ; 0.216          ; High Pulse Width ; QI[0] ; Fall       ; QX[1]                    ;
; 0.376  ; 0.376        ; 0.000          ; High Pulse Width ; QI[0] ; Fall       ; QX[0]|clk                ;
; 0.376  ; 0.376        ; 0.000          ; High Pulse Width ; QI[0] ; Fall       ; QX[1]|clk                ;
; 0.416  ; 0.416        ; 0.000          ; High Pulse Width ; QI[0] ; Fall       ; Equal0~0clkctrl|inclk[0] ;
; 0.416  ; 0.416        ; 0.000          ; High Pulse Width ; QI[0] ; Fall       ; Equal0~0clkctrl|outclk   ;
; 0.425  ; 0.425        ; 0.000          ; High Pulse Width ; QI[0] ; Fall       ; Equal0~0|combout         ;
; 0.434  ; 0.434        ; 0.000          ; Low Pulse Width  ; QI[0] ; Rise       ; Equal0~0|datad           ;
; 0.459  ; 0.643        ; 0.184          ; Low Pulse Width  ; QI[0] ; Fall       ; QX[0]                    ;
; 0.459  ; 0.643        ; 0.184          ; Low Pulse Width  ; QI[0] ; Fall       ; QX[1]                    ;
; 0.500  ; 0.500        ; 0.000          ; High Pulse Width ; QI[0] ; Rise       ; QI[0]|q                  ;
; 0.500  ; 0.500        ; 0.000          ; Low Pulse Width  ; QI[0] ; Rise       ; QI[0]|q                  ;
; 0.563  ; 0.563        ; 0.000          ; High Pulse Width ; QI[0] ; Rise       ; Equal0~0|datad           ;
; 0.572  ; 0.572        ; 0.000          ; Low Pulse Width  ; QI[0] ; Fall       ; Equal0~0|combout         ;
; 0.581  ; 0.581        ; 0.000          ; Low Pulse Width  ; QI[0] ; Fall       ; Equal0~0clkctrl|inclk[0] ;
; 0.581  ; 0.581        ; 0.000          ; Low Pulse Width  ; QI[0] ; Fall       ; Equal0~0clkctrl|outclk   ;
; 0.619  ; 0.619        ; 0.000          ; Low Pulse Width  ; QI[0] ; Fall       ; QX[0]|clk                ;
; 0.619  ; 0.619        ; 0.000          ; Low Pulse Width  ; QI[0] ; Fall       ; QX[1]|clk                ;
+--------+--------------+----------------+------------------+-------+------------+--------------------------+


+-----------------------------------------------------------------------+
; Clock to Output Times                                                 ;
+-----------+------------+-------+-------+------------+-----------------+
; Data Port ; Clock Port ; Rise  ; Fall  ; Clock Edge ; Clock Reference ;
+-----------+------------+-------+-------+------------+-----------------+
; Q1        ; QI[0]      ;       ; 4.388 ; Rise       ; QI[0]           ;
; Q1        ; QI[0]      ; 4.521 ;       ; Fall       ; QI[0]           ;
; Q2        ; QI[0]      ; 6.704 ; 6.506 ; Fall       ; QI[0]           ;
; Q1        ; clk        ; 7.113 ; 7.136 ; Rise       ; clk             ;
+-----------+------------+-------+-------+------------+-----------------+


+-----------------------------------------------------------------------+
; Minimum Clock to Output Times                                         ;
+-----------+------------+-------+-------+------------+-----------------+
; Data Port ; Clock Port ; Rise  ; Fall  ; Clock Edge ; Clock Reference ;
+-----------+------------+-------+-------+------------+-----------------+
; Q1        ; QI[0]      ;       ; 4.278 ; Rise       ; QI[0]           ;
; Q1        ; QI[0]      ; 4.408 ;       ; Fall       ; QI[0]           ;
; Q2        ; QI[0]      ; 6.161 ; 6.091 ; Fall       ; QI[0]           ;
; Q1        ; clk        ; 6.776 ; 6.789 ; Rise       ; clk             ;
+-----------+------------+-------+-------+------------+-----------------+


----------------------------------------------
; Slow 1200mV 85C Model Metastability Report ;
----------------------------------------------
No synchronizer chains to report.


+------------------------------------------------------------------------------------------------------------+
; Slow 1200mV 0C Model Fmax Summary                                                                          ;
+-------------+-----------------+------------+---------------------------------------------------------------+
; Fmax        ; Restricted Fmax ; Clock Name ; Note                                                          ;
+-------------+-----------------+------------+---------------------------------------------------------------+
; 699.79 MHz  ; 250.0 MHz       ; clk        ; limit due to minimum period restriction (max I/O toggle rate) ;
; 1457.73 MHz ; 500.0 MHz       ; QI[0]      ; limit due to minimum period restriction (tmin)                ;
+-------------+-----------------+------------+---------------------------------------------------------------+
This panel reports FMAX for every clock in the design, regardless of the user-specified clock periods.  FMAX is only computed for paths where the source and destination registers or ports are driven by the same clock.  Paths of different clocks, including generated clocks, are ignored.  For paths between a clock and its inversion, FMAX is computed as if the rising and falling edges are scaled along with FMAX, such that the duty cycle (in terms of a percentage) is maintained. Altera recommends that you always use clock constraints and other slack reports for sign-off analysis.


+------------------------------------+
; Slow 1200mV 0C Model Setup Summary ;
+-------+--------+-------------------+
; Clock ; Slack  ; End Point TNS     ;
+-------+--------+-------------------+
; clk   ; -0.429 ; -0.925            ;
; QI[0] ; 0.314  ; 0.000             ;
+-------+--------+-------------------+


+-----------------------------------+
; Slow 1200mV 0C Model Hold Summary ;
+-------+-------+-------------------+
; Clock ; Slack ; End Point TNS     ;
+-------+-------+-------------------+
; clk   ; 0.161 ; 0.000             ;
; QI[0] ; 0.318 ; 0.000             ;
+-------+-------+-------------------+


-----------------------------------------
; Slow 1200mV 0C Model Recovery Summary ;
-----------------------------------------
No paths to report.


----------------------------------------
; Slow 1200mV 0C Model Removal Summary ;
----------------------------------------
No paths to report.


+--------------------------------------------------+
; Slow 1200mV 0C Model Minimum Pulse Width Summary ;
+-------+--------+---------------------------------+
; Clock ; Slack  ; End Point TNS                   ;
+-------+--------+---------------------------------+
; clk   ; -3.000 ; -6.000                          ;
; QI[0] ; -1.000 ; -2.000                          ;
+-------+--------+---------------------------------+


+----------------------------------------------------------------------------------------------------+
; Slow 1200mV 0C Model Setup: 'clk'                                                                  ;
+--------+-----------+---------+--------------+-------------+--------------+------------+------------+
; Slack  ; From Node ; To Node ; Launch Clock ; Latch Clock ; Relationship ; Clock Skew ; Data Delay ;
+--------+-----------+---------+--------------+-------------+--------------+------------+------------+
; -0.429 ; QI[1]     ; QI[0]   ; clk          ; clk         ; 1.000        ; -0.039     ; 1.405      ;
; -0.325 ; QI[1]     ; QI[1]   ; clk          ; clk         ; 1.000        ; -0.039     ; 1.301      ;
; -0.316 ; QI[0]     ; QI[1]   ; QI[0]        ; clk         ; 0.500        ; 1.945      ; 2.926      ;
; -0.276 ; QI[2]     ; QI[0]   ; clk          ; clk         ; 1.000        ; -0.039     ; 1.252      ;
; -0.267 ; QI[2]     ; QI[1]   ; clk          ; clk         ; 1.000        ; -0.039     ; 1.243      ;
; -0.171 ; QI[2]     ; QI[2]   ; clk          ; clk         ; 1.000        ; -0.039     ; 1.147      ;
; -0.170 ; QI[1]     ; QI[2]   ; clk          ; clk         ; 1.000        ; -0.039     ; 1.146      ;
; -0.141 ; QI[0]     ; QI[0]   ; QI[0]        ; clk         ; 0.500        ; 1.945      ; 2.751      ;
; -0.108 ; QI[0]     ; QI[2]   ; QI[0]        ; clk         ; 0.500        ; 1.945      ; 2.718      ;
; 0.196  ; QI[0]     ; QI[1]   ; QI[0]        ; clk         ; 1.000        ; 1.945      ; 2.914      ;
; 0.373  ; QI[0]     ; QI[0]   ; QI[0]        ; clk         ; 1.000        ; 1.945      ; 2.737      ;
; 0.392  ; QI[0]     ; QI[2]   ; QI[0]        ; clk         ; 1.000        ; 1.945      ; 2.718      ;
+--------+-----------+---------+--------------+-------------+--------------+------------+------------+


+---------------------------------------------------------------------------------------------------+
; Slow 1200mV 0C Model Setup: 'QI[0]'                                                               ;
+-------+-----------+---------+--------------+-------------+--------------+------------+------------+
; Slack ; From Node ; To Node ; Launch Clock ; Latch Clock ; Relationship ; Clock Skew ; Data Delay ;
+-------+-----------+---------+--------------+-------------+--------------+------------+------------+
; 0.314 ; QX[1]     ; QX[0]   ; QI[0]        ; QI[0]       ; 1.000        ; -0.057     ; 0.624      ;
; 0.324 ; QX[0]     ; QX[1]   ; QI[0]        ; QI[0]       ; 1.000        ; -0.057     ; 0.614      ;
; 0.355 ; QX[0]     ; QX[0]   ; QI[0]        ; QI[0]       ; 1.000        ; -0.057     ; 0.583      ;
; 0.355 ; QX[1]     ; QX[1]   ; QI[0]        ; QI[0]       ; 1.000        ; -0.057     ; 0.583      ;
+-------+-----------+---------+--------------+-------------+--------------+------------+------------+


+---------------------------------------------------------------------------------------------------+
; Slow 1200mV 0C Model Hold: 'clk'                                                                  ;
+-------+-----------+---------+--------------+-------------+--------------+------------+------------+
; Slack ; From Node ; To Node ; Launch Clock ; Latch Clock ; Relationship ; Clock Skew ; Data Delay ;
+-------+-----------+---------+--------------+-------------+--------------+------------+------------+
; 0.161 ; QI[0]     ; QI[0]   ; QI[0]        ; clk         ; 0.000        ; 2.026      ; 2.541      ;
; 0.210 ; QI[0]     ; QI[2]   ; QI[0]        ; clk         ; 0.000        ; 2.026      ; 2.590      ;
; 0.255 ; QI[0]     ; QI[1]   ; QI[0]        ; clk         ; 0.000        ; 2.026      ; 2.635      ;
; 0.697 ; QI[0]     ; QI[0]   ; QI[0]        ; clk         ; -0.500       ; 2.026      ; 2.577      ;
; 0.701 ; QI[0]     ; QI[2]   ; QI[0]        ; clk         ; -0.500       ; 2.026      ; 2.581      ;
; 0.774 ; QI[0]     ; QI[1]   ; QI[0]        ; clk         ; -0.500       ; 2.026      ; 2.654      ;
; 0.837 ; QI[2]     ; QI[2]   ; clk          ; clk         ; 0.000        ; 0.039      ; 1.020      ;
; 0.859 ; QI[1]     ; QI[2]   ; clk          ; clk         ; 0.000        ; 0.039      ; 1.042      ;
; 0.908 ; QI[1]     ; QI[1]   ; clk          ; clk         ; 0.000        ; 0.039      ; 1.091      ;
; 0.912 ; QI[2]     ; QI[0]   ; clk          ; clk         ; 0.000        ; 0.039      ; 1.095      ;
; 0.923 ; QI[2]     ; QI[1]   ; clk          ; clk         ; 0.000        ; 0.039      ; 1.106      ;
; 1.046 ; QI[1]     ; QI[0]   ; clk          ; clk         ; 0.000        ; 0.039      ; 1.229      ;
+-------+-----------+---------+--------------+-------------+--------------+------------+------------+


+---------------------------------------------------------------------------------------------------+
; Slow 1200mV 0C Model Hold: 'QI[0]'                                                                ;
+-------+-----------+---------+--------------+-------------+--------------+------------+------------+
; Slack ; From Node ; To Node ; Launch Clock ; Latch Clock ; Relationship ; Clock Skew ; Data Delay ;
+-------+-----------+---------+--------------+-------------+--------------+------------+------------+
; 0.318 ; QX[1]     ; QX[1]   ; QI[0]        ; QI[0]       ; 0.000        ; 0.057      ; 0.519      ;
; 0.318 ; QX[0]     ; QX[0]   ; QI[0]        ; QI[0]       ; 0.000        ; 0.057      ; 0.519      ;
; 0.331 ; QX[1]     ; QX[0]   ; QI[0]        ; QI[0]       ; 0.000        ; 0.057      ; 0.532      ;
; 0.341 ; QX[0]     ; QX[1]   ; QI[0]        ; QI[0]       ; 0.000        ; 0.057      ; 0.542      ;
+-------+-----------+---------+--------------+-------------+--------------+------------+------------+


+----------------------------------------------------------------------------------------------+
; Slow 1200mV 0C Model Minimum Pulse Width: 'clk'                                              ;
+--------+--------------+----------------+------------------+-------+------------+-------------+
; Slack  ; Actual Width ; Required Width ; Type             ; Clock ; Clock Edge ; Target      ;
+--------+--------------+----------------+------------------+-------+------------+-------------+
; -3.000 ; 1.000        ; 4.000          ; Port Rate        ; clk   ; Rise       ; clk         ;
; -1.000 ; 1.000        ; 2.000          ; Min Period       ; clk   ; Rise       ; QI[0]       ;
; -1.000 ; 1.000        ; 2.000          ; Min Period       ; clk   ; Rise       ; QI[1]       ;
; -1.000 ; 1.000        ; 2.000          ; Min Period       ; clk   ; Rise       ; QI[2]       ;
; 0.198  ; 0.382        ; 0.184          ; Low Pulse Width  ; clk   ; Rise       ; QI[0]       ;
; 0.198  ; 0.382        ; 0.184          ; Low Pulse Width  ; clk   ; Rise       ; QI[1]       ;
; 0.198  ; 0.382        ; 0.184          ; Low Pulse Width  ; clk   ; Rise       ; QI[2]       ;
; 0.344  ; 0.344        ; 0.000          ; Low Pulse Width  ; clk   ; Rise       ; clk~input|o ;
; 0.358  ; 0.358        ; 0.000          ; Low Pulse Width  ; clk   ; Rise       ; QI[0]|clk   ;
; 0.358  ; 0.358        ; 0.000          ; Low Pulse Width  ; clk   ; Rise       ; QI[1]|clk   ;
; 0.358  ; 0.358        ; 0.000          ; Low Pulse Width  ; clk   ; Rise       ; QI[2]|clk   ;
; 0.402  ; 0.618        ; 0.216          ; High Pulse Width ; clk   ; Rise       ; QI[0]       ;
; 0.402  ; 0.618        ; 0.216          ; High Pulse Width ; clk   ; Rise       ; QI[1]       ;
; 0.402  ; 0.618        ; 0.216          ; High Pulse Width ; clk   ; Rise       ; QI[2]       ;
; 0.500  ; 0.500        ; 0.000          ; High Pulse Width ; clk   ; Rise       ; clk~input|i ;
; 0.500  ; 0.500        ; 0.000          ; Low Pulse Width  ; clk   ; Rise       ; clk~input|i ;
; 0.642  ; 0.642        ; 0.000          ; High Pulse Width ; clk   ; Rise       ; QI[0]|clk   ;
; 0.642  ; 0.642        ; 0.000          ; High Pulse Width ; clk   ; Rise       ; QI[1]|clk   ;
; 0.642  ; 0.642        ; 0.000          ; High Pulse Width ; clk   ; Rise       ; QI[2]|clk   ;
; 0.656  ; 0.656        ; 0.000          ; High Pulse Width ; clk   ; Rise       ; clk~input|o ;
+--------+--------------+----------------+------------------+-------+------------+-------------+


+-----------------------------------------------------------------------------------------------------------+
; Slow 1200mV 0C Model Minimum Pulse Width: 'QI[0]'                                                         ;
+--------+--------------+----------------+------------------+-------+------------+--------------------------+
; Slack  ; Actual Width ; Required Width ; Type             ; Clock ; Clock Edge ; Target                   ;
+--------+--------------+----------------+------------------+-------+------------+--------------------------+
; -1.000 ; 1.000        ; 2.000          ; Min Period       ; QI[0] ; Fall       ; QX[0]                    ;
; -1.000 ; 1.000        ; 2.000          ; Min Period       ; QI[0] ; Fall       ; QX[1]                    ;
; 0.135  ; 0.351        ; 0.216          ; High Pulse Width ; QI[0] ; Fall       ; QX[0]                    ;
; 0.135  ; 0.351        ; 0.216          ; High Pulse Width ; QI[0] ; Fall       ; QX[1]                    ;
; 0.375  ; 0.375        ; 0.000          ; High Pulse Width ; QI[0] ; Fall       ; QX[0]|clk                ;
; 0.375  ; 0.375        ; 0.000          ; High Pulse Width ; QI[0] ; Fall       ; QX[1]|clk                ;
; 0.408  ; 0.408        ; 0.000          ; High Pulse Width ; QI[0] ; Fall       ; Equal0~0clkctrl|inclk[0] ;
; 0.408  ; 0.408        ; 0.000          ; High Pulse Width ; QI[0] ; Fall       ; Equal0~0clkctrl|outclk   ;
; 0.435  ; 0.435        ; 0.000          ; High Pulse Width ; QI[0] ; Fall       ; Equal0~0|combout         ;
; 0.445  ; 0.445        ; 0.000          ; Low Pulse Width  ; QI[0] ; Rise       ; Equal0~0|datad           ;
; 0.462  ; 0.646        ; 0.184          ; Low Pulse Width  ; QI[0] ; Fall       ; QX[0]                    ;
; 0.462  ; 0.646        ; 0.184          ; Low Pulse Width  ; QI[0] ; Fall       ; QX[1]                    ;
; 0.500  ; 0.500        ; 0.000          ; High Pulse Width ; QI[0] ; Rise       ; QI[0]|q                  ;
; 0.500  ; 0.500        ; 0.000          ; Low Pulse Width  ; QI[0] ; Rise       ; QI[0]|q                  ;
; 0.553  ; 0.553        ; 0.000          ; High Pulse Width ; QI[0] ; Rise       ; Equal0~0|datad           ;
; 0.563  ; 0.563        ; 0.000          ; Low Pulse Width  ; QI[0] ; Fall       ; Equal0~0|combout         ;
; 0.590  ; 0.590        ; 0.000          ; Low Pulse Width  ; QI[0] ; Fall       ; Equal0~0clkctrl|inclk[0] ;
; 0.590  ; 0.590        ; 0.000          ; Low Pulse Width  ; QI[0] ; Fall       ; Equal0~0clkctrl|outclk   ;
; 0.622  ; 0.622        ; 0.000          ; Low Pulse Width  ; QI[0] ; Fall       ; QX[0]|clk                ;
; 0.622  ; 0.622        ; 0.000          ; Low Pulse Width  ; QI[0] ; Fall       ; QX[1]|clk                ;
+--------+--------------+----------------+------------------+-------+------------+--------------------------+


+-----------------------------------------------------------------------+
; Clock to Output Times                                                 ;
+-----------+------------+-------+-------+------------+-----------------+
; Data Port ; Clock Port ; Rise  ; Fall  ; Clock Edge ; Clock Reference ;
+-----------+------------+-------+-------+------------+-----------------+
; Q1        ; QI[0]      ;       ; 3.855 ; Rise       ; QI[0]           ;
; Q1        ; QI[0]      ; 3.988 ;       ; Fall       ; QI[0]           ;
; Q2        ; QI[0]      ; 5.961 ; 5.796 ; Fall       ; QI[0]           ;
; Q1        ; clk        ; 6.378 ; 6.366 ; Rise       ; clk             ;
+-----------+------------+-------+-------+------------+-----------------+


+-----------------------------------------------------------------------+
; Minimum Clock to Output Times                                         ;
+-----------+------------+-------+-------+------------+-----------------+
; Data Port ; Clock Port ; Rise  ; Fall  ; Clock Edge ; Clock Reference ;
+-----------+------------+-------+-------+------------+-----------------+
; Q1        ; QI[0]      ;       ; 3.754 ; Rise       ; QI[0]           ;
; Q1        ; QI[0]      ; 3.882 ;       ; Fall       ; QI[0]           ;
; Q2        ; QI[0]      ; 5.486 ; 5.416 ; Fall       ; QI[0]           ;
; Q1        ; clk        ; 6.070 ; 6.060 ; Rise       ; clk             ;
+-----------+------------+-------+-------+------------+-----------------+


---------------------------------------------
; Slow 1200mV 0C Model Metastability Report ;
---------------------------------------------
No synchronizer chains to report.


+------------------------------------+
; Fast 1200mV 0C Model Setup Summary ;
+-------+--------+-------------------+
; Clock ; Slack  ; End Point TNS     ;
+-------+--------+-------------------+
; clk   ; -0.187 ; -0.310            ;
; QI[0] ; 0.572  ; 0.000             ;
+-------+--------+-------------------+


+-----------------------------------+
; Fast 1200mV 0C Model Hold Summary ;
+-------+-------+-------------------+
; Clock ; Slack ; End Point TNS     ;
+-------+-------+-------------------+
; clk   ; 0.102 ; 0.000             ;
; QI[0] ; 0.193 ; 0.000             ;
+-------+-------+-------------------+


-----------------------------------------
; Fast 1200mV 0C Model Recovery Summary ;
-----------------------------------------
No paths to report.


----------------------------------------
; Fast 1200mV 0C Model Removal Summary ;
----------------------------------------
No paths to report.


+--------------------------------------------------+
; Fast 1200mV 0C Model Minimum Pulse Width Summary ;
+-------+--------+---------------------------------+
; Clock ; Slack  ; End Point TNS                   ;
+-------+--------+---------------------------------+
; clk   ; -3.000 ; -6.288                          ;
; QI[0] ; -1.000 ; -2.000                          ;
+-------+--------+---------------------------------+


+----------------------------------------------------------------------------------------------------+
; Fast 1200mV 0C Model Setup: 'clk'                                                                  ;
+--------+-----------+---------+--------------+-------------+--------------+------------+------------+
; Slack  ; From Node ; To Node ; Launch Clock ; Latch Clock ; Relationship ; Clock Skew ; Data Delay ;
+--------+-----------+---------+--------------+-------------+--------------+------------+------------+
; -0.187 ; QI[0]     ; QI[1]   ; QI[0]        ; clk         ; 0.500        ; 1.165      ; 1.934      ;
; -0.063 ; QI[0]     ; QI[0]   ; QI[0]        ; clk         ; 0.500        ; 1.165      ; 1.810      ;
; -0.060 ; QI[0]     ; QI[2]   ; QI[0]        ; clk         ; 0.500        ; 1.165      ; 1.807      ;
; 0.124  ; QI[1]     ; QI[0]   ; clk          ; clk         ; 1.000        ; -0.023     ; 0.860      ;
; 0.177  ; QI[1]     ; QI[1]   ; clk          ; clk         ; 1.000        ; -0.023     ; 0.807      ;
; 0.227  ; QI[2]     ; QI[0]   ; clk          ; clk         ; 1.000        ; -0.023     ; 0.757      ;
; 0.233  ; QI[2]     ; QI[1]   ; clk          ; clk         ; 1.000        ; -0.023     ; 0.751      ;
; 0.272  ; QI[2]     ; QI[2]   ; clk          ; clk         ; 1.000        ; -0.023     ; 0.712      ;
; 0.286  ; QI[1]     ; QI[2]   ; clk          ; clk         ; 1.000        ; -0.023     ; 0.698      ;
; 0.475  ; QI[0]     ; QI[1]   ; QI[0]        ; clk         ; 1.000        ; 1.165      ; 1.772      ;
; 0.563  ; QI[0]     ; QI[0]   ; QI[0]        ; clk         ; 1.000        ; 1.165      ; 1.684      ;
; 0.638  ; QI[0]     ; QI[2]   ; QI[0]        ; clk         ; 1.000        ; 1.165      ; 1.609      ;
+--------+-----------+---------+--------------+-------------+--------------+------------+------------+


+---------------------------------------------------------------------------------------------------+
; Fast 1200mV 0C Model Setup: 'QI[0]'                                                               ;
+-------+-----------+---------+--------------+-------------+--------------+------------+------------+
; Slack ; From Node ; To Node ; Launch Clock ; Latch Clock ; Relationship ; Clock Skew ; Data Delay ;
+-------+-----------+---------+--------------+-------------+--------------+------------+------------+
; 0.572 ; QX[0]     ; QX[1]   ; QI[0]        ; QI[0]       ; 1.000        ; -0.037     ; 0.378      ;
; 0.576 ; QX[1]     ; QX[0]   ; QI[0]        ; QI[0]       ; 1.000        ; -0.037     ; 0.374      ;
; 0.591 ; QX[0]     ; QX[0]   ; QI[0]        ; QI[0]       ; 1.000        ; -0.037     ; 0.359      ;
; 0.591 ; QX[1]     ; QX[1]   ; QI[0]        ; QI[0]       ; 1.000        ; -0.037     ; 0.359      ;
+-------+-----------+---------+--------------+-------------+--------------+------------+------------+


+---------------------------------------------------------------------------------------------------+
; Fast 1200mV 0C Model Hold: 'clk'                                                                  ;
+-------+-----------+---------+--------------+-------------+--------------+------------+------------+
; Slack ; From Node ; To Node ; Launch Clock ; Latch Clock ; Relationship ; Clock Skew ; Data Delay ;
+-------+-----------+---------+--------------+-------------+--------------+------------+------------+
; 0.102 ; QI[0]     ; QI[2]   ; QI[0]        ; clk         ; 0.000        ; 1.216      ; 1.537      ;
; 0.130 ; QI[0]     ; QI[0]   ; QI[0]        ; clk         ; 0.000        ; 1.216      ; 1.565      ;
; 0.143 ; QI[0]     ; QI[1]   ; QI[0]        ; clk         ; 0.000        ; 1.216      ; 1.578      ;
; 0.502 ; QI[1]     ; QI[2]   ; clk          ; clk         ; 0.000        ; 0.023      ; 0.609      ;
; 0.504 ; QI[2]     ; QI[2]   ; clk          ; clk         ; 0.000        ; 0.023      ; 0.611      ;
; 0.543 ; QI[1]     ; QI[1]   ; clk          ; clk         ; 0.000        ; 0.023      ; 0.650      ;
; 0.557 ; QI[2]     ; QI[1]   ; clk          ; clk         ; 0.000        ; 0.023      ; 0.664      ;
; 0.567 ; QI[2]     ; QI[0]   ; clk          ; clk         ; 0.000        ; 0.023      ; 0.674      ;
; 0.644 ; QI[1]     ; QI[0]   ; clk          ; clk         ; 0.000        ; 0.023      ; 0.751      ;
; 0.767 ; QI[0]     ; QI[0]   ; QI[0]        ; clk         ; -0.500       ; 1.216      ; 1.702      ;
; 0.779 ; QI[0]     ; QI[2]   ; QI[0]        ; clk         ; -0.500       ; 1.216      ; 1.714      ;
; 0.822 ; QI[0]     ; QI[1]   ; QI[0]        ; clk         ; -0.500       ; 1.216      ; 1.757      ;
+-------+-----------+---------+--------------+-------------+--------------+------------+------------+


+---------------------------------------------------------------------------------------------------+
; Fast 1200mV 0C Model Hold: 'QI[0]'                                                                ;
+-------+-----------+---------+--------------+-------------+--------------+------------+------------+
; Slack ; From Node ; To Node ; Launch Clock ; Latch Clock ; Relationship ; Clock Skew ; Data Delay ;
+-------+-----------+---------+--------------+-------------+--------------+------------+------------+
; 0.193 ; QX[1]     ; QX[1]   ; QI[0]        ; QI[0]       ; 0.000        ; 0.037      ; 0.314      ;
; 0.193 ; QX[0]     ; QX[0]   ; QI[0]        ; QI[0]       ; 0.000        ; 0.037      ; 0.314      ;
; 0.196 ; QX[0]     ; QX[1]   ; QI[0]        ; QI[0]       ; 0.000        ; 0.037      ; 0.317      ;
; 0.200 ; QX[1]     ; QX[0]   ; QI[0]        ; QI[0]       ; 0.000        ; 0.037      ; 0.321      ;
+-------+-----------+---------+--------------+-------------+--------------+------------+------------+


+----------------------------------------------------------------------------------------------+
; Fast 1200mV 0C Model Minimum Pulse Width: 'clk'                                              ;
+--------+--------------+----------------+------------------+-------+------------+-------------+
; Slack  ; Actual Width ; Required Width ; Type             ; Clock ; Clock Edge ; Target      ;
+--------+--------------+----------------+------------------+-------+------------+-------------+
; -3.000 ; 1.000        ; 4.000          ; Port Rate        ; clk   ; Rise       ; clk         ;
; -1.000 ; 1.000        ; 2.000          ; Min Period       ; clk   ; Rise       ; QI[0]       ;
; -1.000 ; 1.000        ; 2.000          ; Min Period       ; clk   ; Rise       ; QI[1]       ;
; -1.000 ; 1.000        ; 2.000          ; Min Period       ; clk   ; Rise       ; QI[2]       ;
; -0.096 ; 0.088        ; 0.184          ; Low Pulse Width  ; clk   ; Rise       ; QI[0]       ;
; -0.096 ; 0.088        ; 0.184          ; Low Pulse Width  ; clk   ; Rise       ; QI[1]       ;
; -0.096 ; 0.088        ; 0.184          ; Low Pulse Width  ; clk   ; Rise       ; QI[2]       ;
; 0.084  ; 0.084        ; 0.000          ; Low Pulse Width  ; clk   ; Rise       ; QI[0]|clk   ;
; 0.084  ; 0.084        ; 0.000          ; Low Pulse Width  ; clk   ; Rise       ; QI[1]|clk   ;
; 0.084  ; 0.084        ; 0.000          ; Low Pulse Width  ; clk   ; Rise       ; QI[2]|clk   ;
; 0.125  ; 0.125        ; 0.000          ; Low Pulse Width  ; clk   ; Rise       ; clk~input|o ;
; 0.500  ; 0.500        ; 0.000          ; High Pulse Width ; clk   ; Rise       ; clk~input|i ;
; 0.500  ; 0.500        ; 0.000          ; Low Pulse Width  ; clk   ; Rise       ; clk~input|i ;
; 0.692  ; 0.908        ; 0.216          ; High Pulse Width ; clk   ; Rise       ; QI[0]       ;
; 0.692  ; 0.908        ; 0.216          ; High Pulse Width ; clk   ; Rise       ; QI[1]       ;
; 0.692  ; 0.908        ; 0.216          ; High Pulse Width ; clk   ; Rise       ; QI[2]       ;
; 0.875  ; 0.875        ; 0.000          ; High Pulse Width ; clk   ; Rise       ; clk~input|o ;
; 0.914  ; 0.914        ; 0.000          ; High Pulse Width ; clk   ; Rise       ; QI[0]|clk   ;
; 0.914  ; 0.914        ; 0.000          ; High Pulse Width ; clk   ; Rise       ; QI[1]|clk   ;
; 0.914  ; 0.914        ; 0.000          ; High Pulse Width ; clk   ; Rise       ; QI[2]|clk   ;
+--------+--------------+----------------+------------------+-------+------------+-------------+


+-----------------------------------------------------------------------------------------------------------+
; Fast 1200mV 0C Model Minimum Pulse Width: 'QI[0]'                                                         ;
+--------+--------------+----------------+------------------+-------+------------+--------------------------+
; Slack  ; Actual Width ; Required Width ; Type             ; Clock ; Clock Edge ; Target                   ;
+--------+--------------+----------------+------------------+-------+------------+--------------------------+
; -1.000 ; 1.000        ; 2.000          ; Min Period       ; QI[0] ; Fall       ; QX[0]                    ;
; -1.000 ; 1.000        ; 2.000          ; Min Period       ; QI[0] ; Fall       ; QX[1]                    ;
; 0.258  ; 0.474        ; 0.216          ; High Pulse Width ; QI[0] ; Fall       ; QX[0]                    ;
; 0.258  ; 0.474        ; 0.216          ; High Pulse Width ; QI[0] ; Fall       ; QX[1]                    ;
; 0.342  ; 0.526        ; 0.184          ; Low Pulse Width  ; QI[0] ; Fall       ; QX[0]                    ;
; 0.342  ; 0.526        ; 0.184          ; Low Pulse Width  ; QI[0] ; Fall       ; QX[1]                    ;
; 0.457  ; 0.457        ; 0.000          ; High Pulse Width ; QI[0] ; Fall       ; Equal0~0|combout         ;
; 0.463  ; 0.463        ; 0.000          ; Low Pulse Width  ; QI[0] ; Rise       ; Equal0~0|datad           ;
; 0.478  ; 0.478        ; 0.000          ; High Pulse Width ; QI[0] ; Fall       ; QX[0]|clk                ;
; 0.478  ; 0.478        ; 0.000          ; High Pulse Width ; QI[0] ; Fall       ; QX[1]|clk                ;
; 0.490  ; 0.490        ; 0.000          ; High Pulse Width ; QI[0] ; Fall       ; Equal0~0clkctrl|inclk[0] ;
; 0.490  ; 0.490        ; 0.000          ; High Pulse Width ; QI[0] ; Fall       ; Equal0~0clkctrl|outclk   ;
; 0.500  ; 0.500        ; 0.000          ; High Pulse Width ; QI[0] ; Rise       ; QI[0]|q                  ;
; 0.500  ; 0.500        ; 0.000          ; Low Pulse Width  ; QI[0] ; Rise       ; QI[0]|q                  ;
; 0.508  ; 0.508        ; 0.000          ; Low Pulse Width  ; QI[0] ; Fall       ; Equal0~0clkctrl|inclk[0] ;
; 0.508  ; 0.508        ; 0.000          ; Low Pulse Width  ; QI[0] ; Fall       ; Equal0~0clkctrl|outclk   ;
; 0.520  ; 0.520        ; 0.000          ; Low Pulse Width  ; QI[0] ; Fall       ; QX[0]|clk                ;
; 0.520  ; 0.520        ; 0.000          ; Low Pulse Width  ; QI[0] ; Fall       ; QX[1]|clk                ;
; 0.535  ; 0.535        ; 0.000          ; High Pulse Width ; QI[0] ; Rise       ; Equal0~0|datad           ;
; 0.540  ; 0.540        ; 0.000          ; Low Pulse Width  ; QI[0] ; Fall       ; Equal0~0|combout         ;
+--------+--------------+----------------+------------------+-------+------------+--------------------------+


+-----------------------------------------------------------------------+
; Clock to Output Times                                                 ;
+-----------+------------+-------+-------+------------+-----------------+
; Data Port ; Clock Port ; Rise  ; Fall  ; Clock Edge ; Clock Reference ;
+-----------+------------+-------+-------+------------+-----------------+
; Q1        ; QI[0]      ;       ; 2.771 ; Rise       ; QI[0]           ;
; Q1        ; QI[0]      ; 2.787 ;       ; Fall       ; QI[0]           ;
; Q2        ; QI[0]      ; 3.878 ; 3.814 ; Fall       ; QI[0]           ;
; Q1        ; clk        ; 4.215 ; 4.295 ; Rise       ; clk             ;
+-----------+------------+-------+-------+------------+-----------------+


+-----------------------------------------------------------------------+
; Minimum Clock to Output Times                                         ;
+-----------+------------+-------+-------+------------+-----------------+
; Data Port ; Clock Port ; Rise  ; Fall  ; Clock Edge ; Clock Reference ;
+-----------+------------+-------+-------+------------+-----------------+
; Q1        ; QI[0]      ;       ; 2.704 ; Rise       ; QI[0]           ;
; Q1        ; QI[0]      ; 2.718 ;       ; Fall       ; QI[0]           ;
; Q2        ; QI[0]      ; 3.558 ; 3.582 ; Fall       ; QI[0]           ;
; Q1        ; clk        ; 4.020 ; 4.089 ; Rise       ; clk             ;
+-----------+------------+-------+-------+------------+-----------------+


---------------------------------------------
; Fast 1200mV 0C Model Metastability Report ;
---------------------------------------------
No synchronizer chains to report.


+------------------------------------------------------------------------------+
; Multicorner Timing Analysis Summary                                          ;
+------------------+--------+-------+----------+---------+---------------------+
; Clock            ; Setup  ; Hold  ; Recovery ; Removal ; Minimum Pulse Width ;
+------------------+--------+-------+----------+---------+---------------------+
; Worst-case Slack ; -0.591 ; 0.102 ; N/A      ; N/A     ; -3.000              ;
;  QI[0]           ; 0.235  ; 0.193 ; N/A      ; N/A     ; -1.000              ;
;  clk             ; -0.591 ; 0.102 ; N/A      ; N/A     ; -3.000              ;
; Design-wide TNS  ; -1.403 ; 0.0   ; 0.0      ; 0.0     ; -8.288              ;
;  QI[0]           ; 0.000  ; 0.000 ; N/A      ; N/A     ; -2.000              ;
;  clk             ; -1.403 ; 0.000 ; N/A      ; N/A     ; -6.288              ;
+------------------+--------+-------+----------+---------+---------------------+


+-----------------------------------------------------------------------+
; Clock to Output Times                                                 ;
+-----------+------------+-------+-------+------------+-----------------+
; Data Port ; Clock Port ; Rise  ; Fall  ; Clock Edge ; Clock Reference ;
+-----------+------------+-------+-------+------------+-----------------+
; Q1        ; QI[0]      ;       ; 4.388 ; Rise       ; QI[0]           ;
; Q1        ; QI[0]      ; 4.521 ;       ; Fall       ; QI[0]           ;
; Q2        ; QI[0]      ; 6.704 ; 6.506 ; Fall       ; QI[0]           ;
; Q1        ; clk        ; 7.113 ; 7.136 ; Rise       ; clk             ;
+-----------+------------+-------+-------+------------+-----------------+


+-----------------------------------------------------------------------+
; Minimum Clock to Output Times                                         ;
+-----------+------------+-------+-------+------------+-----------------+
; Data Port ; Clock Port ; Rise  ; Fall  ; Clock Edge ; Clock Reference ;
+-----------+------------+-------+-------+------------+-----------------+
; Q1        ; QI[0]      ;       ; 2.704 ; Rise       ; QI[0]           ;
; Q1        ; QI[0]      ; 2.718 ;       ; Fall       ; QI[0]           ;
; Q2        ; QI[0]      ; 3.558 ; 3.582 ; Fall       ; QI[0]           ;
; Q1        ; clk        ; 4.020 ; 4.089 ; Rise       ; clk             ;
+-----------+------------+-------+-------+------------+-----------------+


+------------------------------------------------------------------------------------------------------------------------------------------------------------------------------------------------------------------------------------------------------------------------------------------------------------------------------------------------------------------------------------------------------------------+
; Board Trace Model Assignments                                                                                                                                                                                                                                                                                                                                                                                    ;
+---------------+--------------+-------------------+-------------------------+-------------------------+---------------+---------------------+----------------+------------------+--------+------------------+------------------------+------------------------+--------------+---------------+-----------------+-------+---------------------+--------------------+---------------+-----------------+-------------+
; Pin           ; I/O Standard ; Near Tline Length ; Near Tline L per Length ; Near Tline C per Length ; Near Series R ; Near Differential R ; Near Pull-up R ; Near Pull-down R ; Near C ; Far Tline Length ; Far Tline L per Length ; Far Tline C per Length ; Far Series R ; Far Pull-up R ; Far Pull-down R ; Far C ; Termination Voltage ; Far Differential R ; EBD File Name ; EBD Signal Name ; EBD Far-end ;
+---------------+--------------+-------------------+-------------------------+-------------------------+---------------+---------------------+----------------+------------------+--------+------------------+------------------------+------------------------+--------------+---------------+-----------------+-------+---------------------+--------------------+---------------+-----------------+-------------+
; Q2            ; 2.5 V        ; 0 in              ; 0 H/in                  ; 0 F/in                  ; short         ; -                   ; open           ; open             ; open   ; 0 in             ; 0 H/in                 ; 0 F/in                 ; short        ; open          ; open            ; open  ; 0 V                 ; -                  ; n/a           ; n/a             ; n/a         ;
; Q1            ; 2.5 V        ; 0 in              ; 0 H/in                  ; 0 F/in                  ; short         ; -                   ; open           ; open             ; open   ; 0 in             ; 0 H/in                 ; 0 F/in                 ; short        ; open          ; open            ; open  ; 0 V                 ; -                  ; n/a           ; n/a             ; n/a         ;
; ~ALTERA_NCEO~ ; 2.5 V        ; 0 in              ; 0 H/in                  ; 0 F/in                  ; short         ; -                   ; open           ; open             ; open   ; 0 in             ; 0 H/in                 ; 0 F/in                 ; short        ; open          ; open            ; open  ; 0 V                 ; -                  ; n/a           ; n/a             ; n/a         ;
; ~ALTERA_DCLK~ ; 2.5 V        ; 0 in              ; 0 H/in                  ; 0 F/in                  ; short         ; -                   ; open           ; open             ; open   ; 0 in             ; 0 H/in                 ; 0 F/in                 ; short        ; open          ; open            ; open  ; 0 V                 ; -                  ; n/a           ; n/a             ; n/a         ;
+---------------+--------------+-------------------+-------------------------+-------------------------+---------------+---------------------+----------------+------------------+--------+------------------+------------------------+------------------------+--------------+---------------+-----------------+-------+---------------------+--------------------+---------------+-----------------+-------------+


+-------------------------------------------------------------------+
; Input Transition Times                                            ;
+----------------+--------------+-----------------+-----------------+
; Pin            ; I/O Standard ; 10-90 Rise Time ; 90-10 Fall Time ;
+----------------+--------------+-----------------+-----------------+
; Q1             ; 2.5 V        ; 2000 ps         ; 2000 ps         ;
; clk            ; 2.5 V        ; 2000 ps         ; 2000 ps         ;
; ~ALTERA_DATA0~ ; 2.5 V        ; 2000 ps         ; 2000 ps         ;
; ~ALTERA_ASDO~  ; 2.5 V        ; 2000 ps         ; 2000 ps         ;
; ~ALTERA_NCSO~  ; 2.5 V        ; 2000 ps         ; 2000 ps         ;
+----------------+--------------+-----------------+-----------------+


+--------------------------------------------------------------------------------------------------------------------------------------------------------------------------------------------------------------------------------------------------------------------------------------------------------------------------------------------------------------------------------------------------------------------------------------------------------------------------------------------------------------------------------------------------------------------------------------------------------------------------------------------------------------------------------------------+
; Signal Integrity Metrics (Slow 1200mv 0c Model)                                                                                                                                                                                                                                                                                                                                                                                                                                                                                                                                                                                                                                            ;
+---------------+--------------+---------------------+---------------------+------------------------------+------------------------------+---------------------+---------------------+--------------------------------------+--------------------------------------+-----------------------------+-----------------------------+----------------------------+----------------------------+-----------------------------+-----------------------------+--------------------+--------------------+-------------------------------------+-------------------------------------+----------------------------+----------------------------+---------------------------+---------------------------+
; Pin           ; I/O Standard ; Board Delay on Rise ; Board Delay on Fall ; Steady State Voh at FPGA Pin ; Steady State Vol at FPGA Pin ; Voh Max at FPGA Pin ; Vol Min at FPGA Pin ; Ringback Voltage on Rise at FPGA Pin ; Ringback Voltage on Fall at FPGA Pin ; 10-90 Rise Time at FPGA Pin ; 90-10 Fall Time at FPGA Pin ; Monotonic Rise at FPGA Pin ; Monotonic Fall at FPGA Pin ; Steady State Voh at Far-end ; Steady State Vol at Far-end ; Voh Max at Far-end ; Vol Min at Far-end ; Ringback Voltage on Rise at Far-end ; Ringback Voltage on Fall at Far-end ; 10-90 Rise Time at Far-end ; 90-10 Fall Time at Far-end ; Monotonic Rise at Far-end ; Monotonic Fall at Far-end ;
+---------------+--------------+---------------------+---------------------+------------------------------+------------------------------+---------------------+---------------------+--------------------------------------+--------------------------------------+-----------------------------+-----------------------------+----------------------------+----------------------------+-----------------------------+-----------------------------+--------------------+--------------------+-------------------------------------+-------------------------------------+----------------------------+----------------------------+---------------------------+---------------------------+
; Q2            ; 2.5 V        ; 0 s                 ; 0 s                 ; 2.32 V                       ; 7.29e-09 V                   ; 2.39 V              ; -0.00339 V          ; 0.206 V                              ; 0.007 V                              ; 2.77e-10 s                  ; 3.24e-10 s                  ; Yes                        ; Yes                        ; 2.32 V                      ; 7.29e-09 V                  ; 2.39 V             ; -0.00339 V         ; 0.206 V                             ; 0.007 V                             ; 2.77e-10 s                 ; 3.24e-10 s                 ; Yes                       ; Yes                       ;
; Q1            ; 2.5 V        ; 0 s                 ; 0 s                 ; 2.32 V                       ; 7.29e-09 V                   ; 2.34 V              ; -0.00668 V          ; 0.218 V                              ; 0.076 V                              ; 1.92e-09 s                  ; 1.81e-09 s                  ; No                         ; Yes                        ; 2.32 V                      ; 7.29e-09 V                  ; 2.34 V             ; -0.00668 V         ; 0.218 V                             ; 0.076 V                             ; 1.92e-09 s                 ; 1.81e-09 s                 ; No                        ; Yes                       ;
; ~ALTERA_NCEO~ ; 2.5 V        ; 0 s                 ; 0 s                 ; 2.32 V                       ; 4.76e-09 V                   ; 2.4 V               ; -0.034 V            ; 0.102 V                              ; 0.065 V                              ; 2.49e-10 s                  ; 3.49e-10 s                  ; Yes                        ; Yes                        ; 2.32 V                      ; 4.76e-09 V                  ; 2.4 V              ; -0.034 V           ; 0.102 V                             ; 0.065 V                             ; 2.49e-10 s                 ; 3.49e-10 s                 ; Yes                       ; Yes                       ;
; ~ALTERA_DCLK~ ; 2.5 V        ; 0 s                 ; 0 s                 ; 2.32 V                       ; 5.94e-09 V                   ; 2.39 V              ; -0.0344 V           ; 0.156 V                              ; 0.089 V                              ; 2.68e-10 s                  ; 2.6e-10 s                   ; Yes                        ; Yes                        ; 2.32 V                      ; 5.94e-09 V                  ; 2.39 V             ; -0.0344 V          ; 0.156 V                             ; 0.089 V                             ; 2.68e-10 s                 ; 2.6e-10 s                  ; Yes                       ; Yes                       ;
+---------------+--------------+---------------------+---------------------+------------------------------+------------------------------+---------------------+---------------------+--------------------------------------+--------------------------------------+-----------------------------+-----------------------------+----------------------------+----------------------------+-----------------------------+-----------------------------+--------------------+--------------------+-------------------------------------+-------------------------------------+----------------------------+----------------------------+---------------------------+---------------------------+


+--------------------------------------------------------------------------------------------------------------------------------------------------------------------------------------------------------------------------------------------------------------------------------------------------------------------------------------------------------------------------------------------------------------------------------------------------------------------------------------------------------------------------------------------------------------------------------------------------------------------------------------------------------------------------------------------+
; Signal Integrity Metrics (Slow 1200mv 85c Model)                                                                                                                                                                                                                                                                                                                                                                                                                                                                                                                                                                                                                                           ;
+---------------+--------------+---------------------+---------------------+------------------------------+------------------------------+---------------------+---------------------+--------------------------------------+--------------------------------------+-----------------------------+-----------------------------+----------------------------+----------------------------+-----------------------------+-----------------------------+--------------------+--------------------+-------------------------------------+-------------------------------------+----------------------------+----------------------------+---------------------------+---------------------------+
; Pin           ; I/O Standard ; Board Delay on Rise ; Board Delay on Fall ; Steady State Voh at FPGA Pin ; Steady State Vol at FPGA Pin ; Voh Max at FPGA Pin ; Vol Min at FPGA Pin ; Ringback Voltage on Rise at FPGA Pin ; Ringback Voltage on Fall at FPGA Pin ; 10-90 Rise Time at FPGA Pin ; 90-10 Fall Time at FPGA Pin ; Monotonic Rise at FPGA Pin ; Monotonic Fall at FPGA Pin ; Steady State Voh at Far-end ; Steady State Vol at Far-end ; Voh Max at Far-end ; Vol Min at Far-end ; Ringback Voltage on Rise at Far-end ; Ringback Voltage on Fall at Far-end ; 10-90 Rise Time at Far-end ; 90-10 Fall Time at Far-end ; Monotonic Rise at Far-end ; Monotonic Fall at Far-end ;
+---------------+--------------+---------------------+---------------------+------------------------------+------------------------------+---------------------+---------------------+--------------------------------------+--------------------------------------+-----------------------------+-----------------------------+----------------------------+----------------------------+-----------------------------+-----------------------------+--------------------+--------------------+-------------------------------------+-------------------------------------+----------------------------+----------------------------+---------------------------+---------------------------+
; Q2            ; 2.5 V        ; 0 s                 ; 0 s                 ; 2.32 V                       ; 1.21e-06 V                   ; 2.37 V              ; -0.00606 V          ; 0.107 V                              ; 0.021 V                              ; 4.26e-10 s                  ; 4.03e-10 s                  ; Yes                        ; Yes                        ; 2.32 V                      ; 1.21e-06 V                  ; 2.37 V             ; -0.00606 V         ; 0.107 V                             ; 0.021 V                             ; 4.26e-10 s                 ; 4.03e-10 s                 ; Yes                       ; Yes                       ;
; Q1            ; 2.5 V        ; 0 s                 ; 0 s                 ; 2.32 V                       ; 1.21e-06 V                   ; 2.33 V              ; -0.00286 V          ; 0.193 V                              ; 0.042 V                              ; 2.32e-09 s                  ; 2.21e-09 s                  ; Yes                        ; Yes                        ; 2.32 V                      ; 1.21e-06 V                  ; 2.33 V             ; -0.00286 V         ; 0.193 V                             ; 0.042 V                             ; 2.32e-09 s                 ; 2.21e-09 s                 ; Yes                       ; Yes                       ;
; ~ALTERA_NCEO~ ; 2.5 V        ; 0 s                 ; 0 s                 ; 2.32 V                       ; 7.93e-07 V                   ; 2.37 V              ; -0.0278 V           ; 0.106 V                              ; 0.115 V                              ; 2.69e-10 s                  ; 4.05e-10 s                  ; Yes                        ; Yes                        ; 2.32 V                      ; 7.93e-07 V                  ; 2.37 V             ; -0.0278 V          ; 0.106 V                             ; 0.115 V                             ; 2.69e-10 s                 ; 4.05e-10 s                 ; Yes                       ; Yes                       ;
; ~ALTERA_DCLK~ ; 2.5 V        ; 0 s                 ; 0 s                 ; 2.32 V                       ; 9.76e-07 V                   ; 2.36 V              ; -0.00439 V          ; 0.088 V                              ; 0.007 V                              ; 4.05e-10 s                  ; 3.35e-10 s                  ; Yes                        ; Yes                        ; 2.32 V                      ; 9.76e-07 V                  ; 2.36 V             ; -0.00439 V         ; 0.088 V                             ; 0.007 V                             ; 4.05e-10 s                 ; 3.35e-10 s                 ; Yes                       ; Yes                       ;
+---------------+--------------+---------------------+---------------------+------------------------------+------------------------------+---------------------+---------------------+--------------------------------------+--------------------------------------+-----------------------------+-----------------------------+----------------------------+----------------------------+-----------------------------+-----------------------------+--------------------+--------------------+-------------------------------------+-------------------------------------+----------------------------+----------------------------+---------------------------+---------------------------+


+--------------------------------------------------------------------------------------------------------------------------------------------------------------------------------------------------------------------------------------------------------------------------------------------------------------------------------------------------------------------------------------------------------------------------------------------------------------------------------------------------------------------------------------------------------------------------------------------------------------------------------------------------------------------------------------------+
; Signal Integrity Metrics (Fast 1200mv 0c Model)                                                                                                                                                                                                                                                                                                                                                                                                                                                                                                                                                                                                                                            ;
+---------------+--------------+---------------------+---------------------+------------------------------+------------------------------+---------------------+---------------------+--------------------------------------+--------------------------------------+-----------------------------+-----------------------------+----------------------------+----------------------------+-----------------------------+-----------------------------+--------------------+--------------------+-------------------------------------+-------------------------------------+----------------------------+----------------------------+---------------------------+---------------------------+
; Pin           ; I/O Standard ; Board Delay on Rise ; Board Delay on Fall ; Steady State Voh at FPGA Pin ; Steady State Vol at FPGA Pin ; Voh Max at FPGA Pin ; Vol Min at FPGA Pin ; Ringback Voltage on Rise at FPGA Pin ; Ringback Voltage on Fall at FPGA Pin ; 10-90 Rise Time at FPGA Pin ; 90-10 Fall Time at FPGA Pin ; Monotonic Rise at FPGA Pin ; Monotonic Fall at FPGA Pin ; Steady State Voh at Far-end ; Steady State Vol at Far-end ; Voh Max at Far-end ; Vol Min at Far-end ; Ringback Voltage on Rise at Far-end ; Ringback Voltage on Fall at Far-end ; 10-90 Rise Time at Far-end ; 90-10 Fall Time at Far-end ; Monotonic Rise at Far-end ; Monotonic Fall at Far-end ;
+---------------+--------------+---------------------+---------------------+------------------------------+------------------------------+---------------------+---------------------+--------------------------------------+--------------------------------------+-----------------------------+-----------------------------+----------------------------+----------------------------+-----------------------------+-----------------------------+--------------------+--------------------+-------------------------------------+-------------------------------------+----------------------------+----------------------------+---------------------------+---------------------------+
; Q2            ; 2.5 V        ; 0 s                 ; 0 s                 ; 2.62 V                       ; 4.66e-08 V                   ; 2.73 V              ; -0.0205 V           ; 0.17 V                               ; 0.027 V                              ; 2.58e-10 s                  ; 2.57e-10 s                  ; Yes                        ; Yes                        ; 2.62 V                      ; 4.66e-08 V                  ; 2.73 V             ; -0.0205 V          ; 0.17 V                              ; 0.027 V                             ; 2.58e-10 s                 ; 2.57e-10 s                 ; Yes                       ; Yes                       ;
; Q1            ; 2.5 V        ; 0 s                 ; 0 s                 ; 2.62 V                       ; 4.66e-08 V                   ; 2.65 V              ; -0.0115 V           ; 0.219 V                              ; 0.115 V                              ; 1.64e-09 s                  ; 1.57e-09 s                  ; No                         ; Yes                        ; 2.62 V                      ; 4.66e-08 V                  ; 2.65 V             ; -0.0115 V          ; 0.219 V                             ; 0.115 V                             ; 1.64e-09 s                 ; 1.57e-09 s                 ; No                        ; Yes                       ;
; ~ALTERA_NCEO~ ; 2.5 V        ; 0 s                 ; 0 s                 ; 2.62 V                       ; 3.06e-08 V                   ; 2.86 V              ; -0.0341 V           ; 0.364 V                              ; 0.046 V                              ; 1.17e-10 s                  ; 2.6e-10 s                   ; No                         ; Yes                        ; 2.62 V                      ; 3.06e-08 V                  ; 2.86 V             ; -0.0341 V          ; 0.364 V                             ; 0.046 V                             ; 1.17e-10 s                 ; 2.6e-10 s                  ; No                        ; Yes                       ;
; ~ALTERA_DCLK~ ; 2.5 V        ; 0 s                 ; 0 s                 ; 2.62 V                       ; 3.81e-08 V                   ; 2.72 V              ; -0.0542 V           ; 0.144 V                              ; 0.087 V                              ; 2.55e-10 s                  ; 2.14e-10 s                  ; Yes                        ; Yes                        ; 2.62 V                      ; 3.81e-08 V                  ; 2.72 V             ; -0.0542 V          ; 0.144 V                             ; 0.087 V                             ; 2.55e-10 s                 ; 2.14e-10 s                 ; Yes                       ; Yes                       ;
+---------------+--------------+---------------------+---------------------+------------------------------+------------------------------+---------------------+---------------------+--------------------------------------+--------------------------------------+-----------------------------+-----------------------------+----------------------------+----------------------------+-----------------------------+-----------------------------+--------------------+--------------------+-------------------------------------+-------------------------------------+----------------------------+----------------------------+---------------------------+---------------------------+


+-------------------------------------------------------------------+
; Setup Transfers                                                   ;
+------------+----------+----------+----------+----------+----------+
; From Clock ; To Clock ; RR Paths ; FR Paths ; RF Paths ; FF Paths ;
+------------+----------+----------+----------+----------+----------+
; clk        ; clk      ; 6        ; 0        ; 0        ; 0        ;
; QI[0]      ; clk      ; 3        ; 3        ; 0        ; 0        ;
; QI[0]      ; QI[0]    ; 0        ; 0        ; 0        ; 4        ;
+------------+----------+----------+----------+----------+----------+
Entries labeled "false path" only account for clock-to-clock false paths and not path-based false paths. As a result, actual path counts may be lower than reported.


+-------------------------------------------------------------------+
; Hold Transfers                                                    ;
+------------+----------+----------+----------+----------+----------+
; From Clock ; To Clock ; RR Paths ; FR Paths ; RF Paths ; FF Paths ;
+------------+----------+----------+----------+----------+----------+
; clk        ; clk      ; 6        ; 0        ; 0        ; 0        ;
; QI[0]      ; clk      ; 3        ; 3        ; 0        ; 0        ;
; QI[0]      ; QI[0]    ; 0        ; 0        ; 0        ; 4        ;
+------------+----------+----------+----------+----------+----------+
Entries labeled "false path" only account for clock-to-clock false paths and not path-based false paths. As a result, actual path counts may be lower than reported.


---------------
; Report TCCS ;
---------------
No dedicated SERDES Transmitter circuitry present in device or used in design


---------------
; Report RSKM ;
---------------
No non-DPA dedicated SERDES Receiver circuitry present in device or used in design


+------------------------------------------------+
; Unconstrained Paths                            ;
+---------------------------------+-------+------+
; Property                        ; Setup ; Hold ;
+---------------------------------+-------+------+
; Illegal Clocks                  ; 0     ; 0    ;
; Unconstrained Clocks            ; 0     ; 0    ;
; Unconstrained Input Ports       ; 0     ; 0    ;
; Unconstrained Input Port Paths  ; 0     ; 0    ;
; Unconstrained Output Ports      ; 2     ; 2    ;
; Unconstrained Output Port Paths ; 5     ; 5    ;
+---------------------------------+-------+------+


+------------------------------------+
; TimeQuest Timing Analyzer Messages ;
+------------------------------------+
Info: *******************************************************************
Info: Running Quartus II 64-Bit TimeQuest Timing Analyzer
    Info: Version 14.0.0 Build 200 06/17/2014 SJ Web Edition
    Info: Processing started: Thu Dec 18 20:30:29 2014
Info: Command: quartus_sta FrequencyDivision -c FrequencyDivision
Info: qsta_default_script.tcl version: #1
Warning (20028): Parallel compilation is not licensed and has been disabled
Info (21076): High junction temperature operating condition is not set. Assuming a default value of '85'.
Info (21076): Low junction temperature operating condition is not set. Assuming a default value of '0'.
Critical Warning (332012): Synopsys Design Constraints File file not found: 'FrequencyDivision.sdc'. A Synopsys Design Constraints File is required by the TimeQuest Timing Analyzer to get proper timing constraints. Without it, the Compiler will not properly optimize the design.
Info (332142): No user constrained base clocks found in the design. Calling "derive_clocks -period 1.0"
Info (332105): Deriving Clocks
    Info (332105): create_clock -period 1.000 -name clk clk
    Info (332105): create_clock -period 1.000 -name QI[0] QI[0]
Info (332143): No user constrained clock uncertainty found in the design. Calling "derive_clock_uncertainty"
Info (332123): Deriving Clock Uncertainty. Please refer to report_sdc in TimeQuest to see clock uncertainties.
Info: Found TIMEQUEST_REPORT_SCRIPT_INCLUDE_DEFAULT_ANALYSIS = ON
Info: Analyzing Slow 1200mV 85C Model
Critical Warning (332148): Timing requirements not met
    Info (11105): For recommendations on closing timing, run Report Timing Closure Recommendations in the TimeQuest Timing Analyzer.
Info (332146): Worst-case setup slack is -0.591
    Info (332119):     Slack       End Point TNS Clock 
    Info (332119): ========= =================== =====================
    Info (332119):    -0.591              -1.403 clk 
    Info (332119):     0.235               0.000 QI[0] 
Info (332146): Worst-case hold slack is 0.203
    Info (332119):     Slack       End Point TNS Clock 
    Info (332119): ========= =================== =====================
    Info (332119):     0.203               0.000 clk 
    Info (332119):     0.358               0.000 QI[0] 
Info (332140): No Recovery paths to report
Info (332140): No Removal paths to report
Info (332146): Worst-case minimum pulse width slack is -3.000
    Info (332119):     Slack       End Point TNS Clock 
    Info (332119): ========= =================== =====================
    Info (332119):    -3.000              -6.000 clk 
    Info (332119):    -1.000              -2.000 QI[0] 
Info: Analyzing Slow 1200mV 0C Model
Info (334003): Started post-fitting delay annotation
Info (334004): Delay annotation completed successfully
Info (332123): Deriving Clock Uncertainty. Please refer to report_sdc in TimeQuest to see clock uncertainties.
Critical Warning (332148): Timing requirements not met
    Info (11105): For recommendations on closing timing, run Report Timing Closure Recommendations in the TimeQuest Timing Analyzer.
Info (332146): Worst-case setup slack is -0.429
    Info (332119):     Slack       End Point TNS Clock 
    Info (332119): ========= =================== =====================
    Info (332119):    -0.429              -0.925 clk 
    Info (332119):     0.314               0.000 QI[0] 
Info (332146): Worst-case hold slack is 0.161
    Info (332119):     Slack       End Point TNS Clock 
    Info (332119): ========= =================== =====================
    Info (332119):     0.161               0.000 clk 
    Info (332119):     0.318               0.000 QI[0] 
Info (332140): No Recovery paths to report
Info (332140): No Removal paths to report
Info (332146): Worst-case minimum pulse width slack is -3.000
    Info (332119):     Slack       End Point TNS Clock 
    Info (332119): ========= =================== =====================
    Info (332119):    -3.000              -6.000 clk 
    Info (332119):    -1.000              -2.000 QI[0] 
Info: Analyzing Fast 1200mV 0C Model
Info (332123): Deriving Clock Uncertainty. Please refer to report_sdc in TimeQuest to see clock uncertainties.
Critical Warning (332148): Timing requirements not met
    Info (11105): For recommendations on closing timing, run Report Timing Closure Recommendations in the TimeQuest Timing Analyzer.
Info (332146): Worst-case setup slack is -0.187
    Info (332119):     Slack       End Point TNS Clock 
    Info (332119): ========= =================== =====================
    Info (332119):    -0.187              -0.310 clk 
    Info (332119):     0.572               0.000 QI[0] 
Info (332146): Worst-case hold slack is 0.102
    Info (332119):     Slack       End Point TNS Clock 
    Info (332119): ========= =================== =====================
    Info (332119):     0.102               0.000 clk 
    Info (332119):     0.193               0.000 QI[0] 
Info (332140): No Recovery paths to report
Info (332140): No Removal paths to report
Info (332146): Worst-case minimum pulse width slack is -3.000
    Info (332119):     Slack       End Point TNS Clock 
    Info (332119): ========= =================== =====================
    Info (332119):    -3.000              -6.288 clk 
    Info (332119):    -1.000              -2.000 QI[0] 
Info (332102): Design is not fully constrained for setup requirements
Info (332102): Design is not fully constrained for hold requirements
Info: Quartus II 64-Bit TimeQuest Timing Analyzer was successful. 0 errors, 5 warnings
    Info: Peak virtual memory: 524 megabytes
    Info: Processing ended: Thu Dec 18 20:30:32 2014
    Info: Elapsed time: 00:00:03
    Info: Total CPU time (on all processors): 00:00:03


